<?xml version="1.0" encoding="UTF-8"?>
<!-- Generated by org.testng.reporters.JUnitReportReporter -->
<testsuite hostname="MSI" failures="0" tests="5" name="com.example.api.AdvancedApiTest" time="3.279" errors="0" timestamp="2025-04-07T21:46:30 EDT" skipped="0">
  <testcase classname="com.example.api.AdvancedApiTest" name="testPostRequestWithData" time="0.185"/>
  <system-out/>
  <testcase classname="com.example.api.AdvancedApiTest" name="testPostRequestWithData" time="0.199"/>
  <system-out/>
  <testcase classname="com.example.api.AdvancedApiTest" name="testPostRequestWithData" time="0.182"/>
  <system-out/>
  <testcase classname="com.example.api.AdvancedApiTest" name="testAllPosts" time="2.547"/>
  <system-out/>
  <testcase classname="com.example.api.AdvancedApiTest" name="testPostRequest" time="0.166"/>
  <system-out/>
</testsuite> <!-- com.example.api.AdvancedApiTest -->
